go build -i -ldflags "-X main.gitCommit=7783942b6827c8c2371eab0ef4e59fe46bc01c54 -X main.version=0.1.1" -tags "seccomp" -o runc .
Usage of loopback devices is strongly discouraged for production use. Either use `--storage-opt dm.thinpooldev` or use `--storage-opt dm.no_warn_on_loop_devices=true` to suppress this warning.
go test -tags "seccomp"  -v ./...
?   	_/go/src/github.com/opencontainers/runc	[no test files]
=== RUN   TestGetContainerPids
--- PASS: TestGetContainerPids (0.00s)
=== RUN   TestGetContainerStats
--- PASS: TestGetContainerStats (0.00s)
=== RUN   TestGetContainerState
--- PASS: TestGetContainerState (0.00s)
=== RUN   TestErrorCode
--- PASS: TestErrorCode (0.00s)
=== RUN   TestFactoryNew
--- PASS: TestFactoryNew (0.00s)
=== RUN   TestFactoryNewTmpfs
--- PASS: TestFactoryNewTmpfs (0.01s)
=== RUN   TestFactoryLoadNotExists
--- PASS: TestFactoryLoadNotExists (0.00s)
=== RUN   TestFactoryLoadContainer
time="2016-06-03T00:50:44Z" level=warning msg="cannot serialize hook of type libcontainer.unserializableHook, skipping" 
--- PASS: TestFactoryLoadContainer (0.00s)
=== RUN   TestErrorDetail
--- PASS: TestErrorDetail (0.00s)
=== RUN   TestNotifyOnOOM
--- PASS: TestNotifyOnOOM (0.00s)
=== RUN   TestNotifyMemoryPressure
--- PASS: TestNotifyMemoryPressure (0.00s)
=== RUN   TestCheckMountDestOnProc
--- PASS: TestCheckMountDestOnProc (0.00s)
=== RUN   TestCheckMountDestInSys
--- PASS: TestCheckMountDestInSys (0.00s)
=== RUN   TestCheckMountDestFalsePositive
--- PASS: TestCheckMountDestFalsePositive (0.00s)
=== RUN   TestCheckMountRoot
--- PASS: TestCheckMountRoot (0.00s)
=== RUN   TestNeedsSetupDev
--- PASS: TestNeedsSetupDev (0.00s)
=== RUN   TestNeedsSetupDevStrangeSource
--- PASS: TestNeedsSetupDevStrangeSource (0.00s)
=== RUN   TestNeedsSetupDevStrangeDest
--- PASS: TestNeedsSetupDevStrangeDest (0.00s)
=== RUN   TestNeedsSetupDevStrangeSourceDest
--- PASS: TestNeedsSetupDevStrangeSourceDest (0.00s)
=== RUN   TestStateStatus
--- PASS: TestStateStatus (0.00s)
=== RUN   TestStoppedStateTransition
--- PASS: TestStoppedStateTransition (0.00s)
=== RUN   TestPausedStateTransition
--- PASS: TestPausedStateTransition (0.00s)
=== RUN   TestRestoredStateTransition
--- PASS: TestRestoredStateTransition (0.00s)
PASS
ok  	_/go/src/github.com/opencontainers/runc/libcontainer	0.017s
?   	_/go/src/github.com/opencontainers/runc/libcontainer/apparmor	[no test files]
=== RUN   TestParseCgroups
--- PASS: TestParseCgroups (0.00s)
=== RUN   TestGetCgroupMounts
--- PASS: TestGetCgroupMounts (0.00s)
PASS
ok  	_/go/src/github.com/opencontainers/runc/libcontainer/cgroups	0.003s
=== RUN   TestInvalidCgroupPath
--- PASS: TestInvalidCgroupPath (0.00s)
=== RUN   TestInvalidAbsoluteCgroupPath
--- PASS: TestInvalidAbsoluteCgroupPath (0.00s)
=== RUN   TestInvalidCgroupParent
--- PASS: TestInvalidCgroupParent (0.00s)
=== RUN   TestInvalidAbsoluteCgroupParent
--- PASS: TestInvalidAbsoluteCgroupParent (0.00s)
=== RUN   TestInvalidCgroupName
--- PASS: TestInvalidCgroupName (0.00s)
=== RUN   TestInvalidAbsoluteCgroupName
--- PASS: TestInvalidAbsoluteCgroupName (0.00s)
=== RUN   TestInvalidCgroupNameAndParent
--- PASS: TestInvalidCgroupNameAndParent (0.00s)
=== RUN   TestInvalidAbsoluteCgroupNameAndParent
--- PASS: TestInvalidAbsoluteCgroupNameAndParent (0.00s)
=== RUN   TestBlkioSetWeight
--- PASS: TestBlkioSetWeight (0.00s)
=== RUN   TestBlkioSetWeightDevice
--- PASS: TestBlkioSetWeightDevice (0.00s)
=== RUN   TestBlkioSetMultipleWeightDevice
--- PASS: TestBlkioSetMultipleWeightDevice (0.00s)
=== RUN   TestBlkioStats
--- PASS: TestBlkioStats (0.00s)
=== RUN   TestBlkioStatsNoSectorsFile
--- PASS: TestBlkioStatsNoSectorsFile (0.00s)
=== RUN   TestBlkioStatsNoServiceBytesFile
--- PASS: TestBlkioStatsNoServiceBytesFile (0.00s)
=== RUN   TestBlkioStatsNoServicedFile
--- PASS: TestBlkioStatsNoServicedFile (0.00s)
=== RUN   TestBlkioStatsNoQueuedFile
--- PASS: TestBlkioStatsNoQueuedFile (0.00s)
=== RUN   TestBlkioStatsNoServiceTimeFile
--- PASS: TestBlkioStatsNoServiceTimeFile (0.00s)
=== RUN   TestBlkioStatsNoWaitTimeFile
--- PASS: TestBlkioStatsNoWaitTimeFile (0.00s)
=== RUN   TestBlkioStatsNoMergedFile
--- PASS: TestBlkioStatsNoMergedFile (0.00s)
=== RUN   TestBlkioStatsNoTimeFile
--- PASS: TestBlkioStatsNoTimeFile (0.00s)
=== RUN   TestBlkioStatsUnexpectedNumberOfFields
--- PASS: TestBlkioStatsUnexpectedNumberOfFields (0.00s)
=== RUN   TestBlkioStatsUnexpectedFieldType
--- PASS: TestBlkioStatsUnexpectedFieldType (0.00s)
=== RUN   TestNonCFQBlkioStats
--- PASS: TestNonCFQBlkioStats (0.00s)
=== RUN   TestBlkioSetThrottleReadBpsDevice
--- PASS: TestBlkioSetThrottleReadBpsDevice (0.00s)
=== RUN   TestBlkioSetThrottleWriteBpsDevice
--- PASS: TestBlkioSetThrottleWriteBpsDevice (0.00s)
=== RUN   TestBlkioSetThrottleReadIOpsDevice
--- PASS: TestBlkioSetThrottleReadIOpsDevice (0.00s)
=== RUN   TestBlkioSetThrottleWriteIOpsDevice
--- PASS: TestBlkioSetThrottleWriteIOpsDevice (0.00s)
=== RUN   TestCpuSetShares
--- PASS: TestCpuSetShares (0.00s)
=== RUN   TestCpuSetBandWidth
--- PASS: TestCpuSetBandWidth (0.00s)
=== RUN   TestCpuStats
--- PASS: TestCpuStats (0.00s)
=== RUN   TestNoCpuStatFile
--- PASS: TestNoCpuStatFile (0.00s)
=== RUN   TestInvalidCpuStat
--- PASS: TestInvalidCpuStat (0.00s)
=== RUN   TestCpusetSetCpus
--- PASS: TestCpusetSetCpus (0.00s)
=== RUN   TestCpusetSetMems
--- PASS: TestCpusetSetMems (0.00s)
=== RUN   TestDevicesSetAllow
--- PASS: TestDevicesSetAllow (0.00s)
=== RUN   TestDevicesSetDeny
--- PASS: TestDevicesSetDeny (0.00s)
=== RUN   TestFreezerSetState
--- PASS: TestFreezerSetState (0.00s)
=== RUN   TestFreezerSetInvalidState
--- PASS: TestFreezerSetInvalidState (0.00s)
=== RUN   TestHugetlbSetHugetlb
--- PASS: TestHugetlbSetHugetlb (0.00s)
=== RUN   TestHugetlbStats
--- PASS: TestHugetlbStats (0.00s)
=== RUN   TestHugetlbStatsNoUsageFile
--- PASS: TestHugetlbStatsNoUsageFile (0.00s)
=== RUN   TestHugetlbStatsNoMaxUsageFile
--- PASS: TestHugetlbStatsNoMaxUsageFile (0.00s)
=== RUN   TestHugetlbStatsBadUsageFile
--- PASS: TestHugetlbStatsBadUsageFile (0.00s)
=== RUN   TestHugetlbStatsBadMaxUsageFile
--- PASS: TestHugetlbStatsBadMaxUsageFile (0.00s)
=== RUN   TestMemorySetMemory
--- PASS: TestMemorySetMemory (0.00s)
=== RUN   TestMemorySetMemoryswap
--- PASS: TestMemorySetMemoryswap (0.00s)
=== RUN   TestMemorySetNegativeMemoryswap
--- PASS: TestMemorySetNegativeMemoryswap (0.00s)
=== RUN   TestMemorySetMemoryLargerThanSwap
--- PASS: TestMemorySetMemoryLargerThanSwap (0.00s)
=== RUN   TestMemorySetSwapSmallerThanMemory
--- PASS: TestMemorySetSwapSmallerThanMemory (0.00s)
=== RUN   TestMemorySetKernelMemory
--- PASS: TestMemorySetKernelMemory (0.00s)
=== RUN   TestMemorySetKernelMemoryTCP
--- PASS: TestMemorySetKernelMemoryTCP (0.00s)
=== RUN   TestMemorySetMemorySwappinessDefault
--- PASS: TestMemorySetMemorySwappinessDefault (0.00s)
=== RUN   TestMemoryStats
--- PASS: TestMemoryStats (0.00s)
=== RUN   TestMemoryStatsNoStatFile
--- PASS: TestMemoryStatsNoStatFile (0.00s)
=== RUN   TestMemoryStatsNoUsageFile
--- PASS: TestMemoryStatsNoUsageFile (0.00s)
=== RUN   TestMemoryStatsNoMaxUsageFile
--- PASS: TestMemoryStatsNoMaxUsageFile (0.00s)
=== RUN   TestMemoryStatsNoLimitInBytesFile
--- PASS: TestMemoryStatsNoLimitInBytesFile (0.00s)
=== RUN   TestMemoryStatsBadStatFile
--- PASS: TestMemoryStatsBadStatFile (0.00s)
=== RUN   TestMemoryStatsBadUsageFile
--- PASS: TestMemoryStatsBadUsageFile (0.00s)
=== RUN   TestMemoryStatsBadMaxUsageFile
--- PASS: TestMemoryStatsBadMaxUsageFile (0.00s)
=== RUN   TestMemoryStatsBadLimitInBytesFile
--- PASS: TestMemoryStatsBadLimitInBytesFile (0.00s)
=== RUN   TestMemorySetOomControl
--- PASS: TestMemorySetOomControl (0.00s)
=== RUN   TestNetClsSetClassid
--- PASS: TestNetClsSetClassid (0.00s)
=== RUN   TestNetPrioSetIfPrio
--- PASS: TestNetPrioSetIfPrio (0.00s)
=== RUN   TestPidsSetMax
--- PASS: TestPidsSetMax (0.00s)
=== RUN   TestPidsSetUnlimited
--- PASS: TestPidsSetUnlimited (0.00s)
=== RUN   TestPidsStats
--- PASS: TestPidsStats (0.00s)
=== RUN   TestPidsStatsUnlimited
--- PASS: TestPidsStatsUnlimited (0.00s)
=== RUN   TestGetCgroupParamsInt
--- PASS: TestGetCgroupParamsInt (0.00s)
PASS
ok  	_/go/src/github.com/opencontainers/runc/libcontainer/cgroups/fs	0.051s
?   	_/go/src/github.com/opencontainers/runc/libcontainer/cgroups/systemd	[no test files]
=== RUN   TestRemoveNamespace
--- PASS: TestRemoveNamespace (0.00s)
=== RUN   TestHostUIDNoUSERNS
--- PASS: TestHostUIDNoUSERNS (0.00s)
=== RUN   TestHostUIDWithUSERNS
--- PASS: TestHostUIDWithUSERNS (0.00s)
=== RUN   TestHostGIDNoUSERNS
--- PASS: TestHostGIDNoUSERNS (0.00s)
=== RUN   TestHostGIDWithUSERNS
--- PASS: TestHostGIDWithUSERNS (0.00s)
=== RUN   TestUnmarshalHooks
--- PASS: TestUnmarshalHooks (0.00s)
=== RUN   TestUnmarshalHooksWithInvalidData
--- PASS: TestUnmarshalHooksWithInvalidData (0.00s)
=== RUN   TestMarshalHooks
--- PASS: TestMarshalHooks (0.00s)
=== RUN   TestMarshalUnmarshalHooks
--- PASS: TestMarshalUnmarshalHooks (0.00s)
=== RUN   TestMarshalHooksWithUnexpectedType
time="2016-06-03T00:50:43Z" level=warning msg="cannot serialize hook of type configs.FuncHook, skipping" 
--- PASS: TestMarshalHooksWithUnexpectedType (0.00s)
=== RUN   TestFuncHookRun
--- PASS: TestFuncHookRun (0.00s)
=== RUN   TestCommandHookRun
--- PASS: TestCommandHookRun (0.00s)
=== RUN   TestCommandHookRunTimeout
--- PASS: TestCommandHookRunTimeout (0.01s)
=== RUN   TestHelperProcess
Helper Process
ok  	_/go/src/github.com/opencontainers/runc/libcontainer/configs	0.036s
=== RUN   TestValidate
--- PASS: TestValidate (0.00s)
=== RUN   TestValidateWithInvalidRootfs
--- PASS: TestValidateWithInvalidRootfs (0.00s)
=== RUN   TestValidateNetworkWithoutNETNamespace
--- PASS: TestValidateNetworkWithoutNETNamespace (0.00s)
=== RUN   TestValidateNetworkRoutesWithoutNETNamespace
--- PASS: TestValidateNetworkRoutesWithoutNETNamespace (0.00s)
=== RUN   TestValidateHostname
--- PASS: TestValidateHostname (0.00s)
=== RUN   TestValidateHostnameWithoutUTSNamespace
--- PASS: TestValidateHostnameWithoutUTSNamespace (0.00s)
=== RUN   TestValidateSecurityWithMaskPaths
--- PASS: TestValidateSecurityWithMaskPaths (0.00s)
=== RUN   TestValidateSecurityWithROPaths
--- PASS: TestValidateSecurityWithROPaths (0.00s)
=== RUN   TestValidateSecurityWithoutNEWNS
--- PASS: TestValidateSecurityWithoutNEWNS (0.00s)
=== RUN   TestValidateUsernamespace
--- PASS: TestValidateUsernamespace (0.00s)
=== RUN   TestValidateUsernamespaceWithoutUserNS
--- PASS: TestValidateUsernamespaceWithoutUserNS (0.00s)
=== RUN   TestValidateSysctl
--- PASS: TestValidateSysctl (0.00s)
PASS
ok  	_/go/src/github.com/opencontainers/runc/libcontainer/configs/validate	0.009s
?   	_/go/src/github.com/opencontainers/runc/libcontainer/criurpc	[no test files]
=== RUN   TestDeviceFromPathLstatFailure
--- PASS: TestDeviceFromPathLstatFailure (0.00s)
=== RUN   TestHostDevicesIoutilReadDirFailure
--- PASS: TestHostDevicesIoutilReadDirFailure (0.00s)
=== RUN   TestHostDevicesIoutilReadDirDeepFailure
--- PASS: TestHostDevicesIoutilReadDirDeepFailure (0.00s)
PASS
ok  	_/go/src/github.com/opencontainers/runc/libcontainer/devices	0.011s
=== RUN   TestCheckpoint
--- FAIL: TestCheckpoint (0.38s)
	checkpoint_test.go:18: === /tmp/criu538301619/dump.log ===
	checkpoint_test.go:29: (00.000133) Added /sys/fs/cgroup/systemd:/sys/fs/cgroup/systemd ext mount mapping
	checkpoint_test.go:29: (00.000210) Added /sys/fs/cgroup/pids:/sys/fs/cgroup/pids ext mount mapping
	checkpoint_test.go:29: (00.000213) Added /sys/fs/cgroup/devices:/sys/fs/cgroup/devices ext mount mapping
	checkpoint_test.go:29: (00.000214) Added /sys/fs/cgroup/memory:/sys/fs/cgroup/memory ext mount mapping
	checkpoint_test.go:29: (00.000215) Added /sys/fs/cgroup/cpuset:/sys/fs/cgroup/cpuset ext mount mapping
	checkpoint_test.go:29: (00.000216) Added /sys/fs/cgroup/net_cls,net_prio:/sys/fs/cgroup/net_cls,net_prio ext mount mapping
	checkpoint_test.go:29: (00.000218) Added /sys/fs/cgroup/cpu,cpuacct:/sys/fs/cgroup/cpu,cpuacct ext mount mapping
	checkpoint_test.go:29: (00.000219) Added /sys/fs/cgroup/hugetlb:/sys/fs/cgroup/hugetlb ext mount mapping
	checkpoint_test.go:29: (00.000220) Added /sys/fs/cgroup/perf_event:/sys/fs/cgroup/perf_event ext mount mapping
	checkpoint_test.go:29: (00.000221) Added /sys/fs/cgroup/blkio:/sys/fs/cgroup/blkio ext mount mapping
	checkpoint_test.go:29: (00.000222) Added /sys/fs/cgroup/freezer:/sys/fs/cgroup/freezer ext mount mapping
	checkpoint_test.go:29: (00.000224) ========================================
	checkpoint_test.go:29: (00.000226) Dumping processes (pid: 528)
	checkpoint_test.go:29: (00.000227) ========================================
	checkpoint_test.go:29: (00.000373) Found anon-shmem device at 5
	checkpoint_test.go:29: (00.000379) Reset 541's dirty tracking
	checkpoint_test.go:29: (00.000425)  ... done
	checkpoint_test.go:29: (00.000447) Dirty track supported on kernel
	checkpoint_test.go:29: (00.000508) Found task size of 7ffffffff000
	checkpoint_test.go:29: (00.000561) irmap: Searching irmap cache in work dir
	checkpoint_test.go:29: (00.000569) No irmap-cache image
	checkpoint_test.go:29: (00.000572) irmap: Searching irmap cache in parent
	checkpoint_test.go:29: (00.000583) irmap: No irmap cache
	checkpoint_test.go:29: (00.000591) cpu: fpu:1 fxsr:1 xsave:1
	checkpoint_test.go:29: (00.000682) vdso: Parsing at 7ffd09d37000 7ffd09d39000
	checkpoint_test.go:29: (00.000685) vdso: PT_LOAD p_vaddr: 0
	checkpoint_test.go:29: (00.000686) vdso: DT_HASH: 0x120
	checkpoint_test.go:29: (00.000687) vdso: DT_STRTAB: 0x2b0
	checkpoint_test.go:29: (00.000688) vdso: DT_SYMTAB: 0x1a8
	checkpoint_test.go:29: (00.000689) vdso: DT_STRSZ: 94
	checkpoint_test.go:29: (00.000691) vdso: DT_SYMENT: 24
	checkpoint_test.go:29: (00.000692) vdso: nbucket 3 nchain 11 bucket 0x7ffd09d37128 chain 0x7ffd09d37134
	checkpoint_test.go:29: (00.000695) vdso: rt [vdso] 7ffd09d37000-7ffd09d39000 [vvar] 7ffd09d35000-7ffd09d37000
	checkpoint_test.go:29: (00.000756) Writing image inventory (version 1)
	checkpoint_test.go:29: (00.000787) Add pid ns 1 pid 541
	checkpoint_test.go:29: (00.000794) Add net ns 2 pid 541
	checkpoint_test.go:29: (00.000799) Add ipc ns 3 pid 541
	checkpoint_test.go:29: (00.000803) Add uts ns 4 pid 541
	checkpoint_test.go:29: (00.000807) Add mnt ns 5 pid 541
	checkpoint_test.go:29: (00.000811) Add user ns 6 pid 541
	checkpoint_test.go:29: (00.000813) cg: Dumping cgroups for 541
	checkpoint_test.go:29: (00.000858) cg:  `- New css ID 1
	checkpoint_test.go:29: (00.000861) cg:     `- [blkio] -> [/system.slice/docker-42490faf552e255770bc3ab78b7a9f15548502c88dd19d3d1db4910c4e6a2379.scope]
	checkpoint_test.go:29: (00.000862) cg:     `- [cpu,cpuacct] -> [/system.slice/docker-42490faf552e255770bc3ab78b7a9f15548502c88dd19d3d1db4910c4e6a2379.scope]
	checkpoint_test.go:29: (00.000863) cg:     `- [cpuset] -> [/system.slice/docker-42490faf552e255770bc3ab78b7a9f15548502c88dd19d3d1db4910c4e6a2379.scope]
	checkpoint_test.go:29: (00.000865) cg:     `- [devices] -> [/system.slice/docker-42490faf552e255770bc3ab78b7a9f15548502c88dd19d3d1db4910c4e6a2379.scope]
	checkpoint_test.go:29: (00.000866) cg:     `- [freezer] -> [/system.slice/docker-42490faf552e255770bc3ab78b7a9f15548502c88dd19d3d1db4910c4e6a2379.scope]
	checkpoint_test.go:29: (00.000867) cg:     `- [hugetlb] -> [/system.slice/docker-42490faf552e255770bc3ab78b7a9f15548502c88dd19d3d1db4910c4e6a2379.scope]
	checkpoint_test.go:29: (00.000868) cg:     `- [memory] -> [/system.slice/docker-42490faf552e255770bc3ab78b7a9f15548502c88dd19d3d1db4910c4e6a2379.scope]
	checkpoint_test.go:29: (00.000870) cg:     `- [name=systemd] -> [/system.slice/docker-42490faf552e255770bc3ab78b7a9f15548502c88dd19d3d1db4910c4e6a2379.scope]
	checkpoint_test.go:29: (00.000871) cg:     `- [net_cls,net_prio] -> [/system.slice/docker-42490faf552e255770bc3ab78b7a9f15548502c88dd19d3d1db4910c4e6a2379.scope]
	checkpoint_test.go:29: (00.000872) cg:     `- [perf_event] -> [/system.slice/docker-42490faf552e255770bc3ab78b7a9f15548502c88dd19d3d1db4910c4e6a2379.scope]
	checkpoint_test.go:29: (00.000873) cg:     `- [pids] -> [/]
	checkpoint_test.go:29: (00.000874) cg: Set 1 is criu one
	checkpoint_test.go:29: (00.000986) Seized task 528, state 1
	checkpoint_test.go:29: (00.001025) Collected 528 in 1 state
	checkpoint_test.go:29: (00.001036) Will take pid namespace in the image
	checkpoint_test.go:29: (00.001038) Add pid ns 7 pid 528
	checkpoint_test.go:29: (00.001042) Will take net namespace in the image
	checkpoint_test.go:29: (00.001044) Add net ns 8 pid 528
	checkpoint_test.go:29: (00.001048) Will take ipc namespace in the image
	checkpoint_test.go:29: (00.001049) Add ipc ns 9 pid 528
	checkpoint_test.go:29: (00.001053) Will take uts namespace in the image
	checkpoint_test.go:29: (00.001054) Add uts ns 10 pid 528
	checkpoint_test.go:29: (00.001059) Will take mnt namespace in the image
	checkpoint_test.go:29: (00.001060) Add mnt ns 11 pid 528
	checkpoint_test.go:29: (00.001064) Lock network
	checkpoint_test.go:29: (00.001067) Running network-lock scripts
	checkpoint_test.go:29: (00.001081) 	RPC
	checkpoint_test.go:29: (00.001293) 	type tmpfs source none mnt_id 160 s_dev 0x3d /241190308 @ ./ flags 0x200000 options seclabel
	checkpoint_test.go:29: (00.001310) 	type proc source proc mnt_id 161 s_dev 0x40 / @ ./proc flags 0x20000e options 
	checkpoint_test.go:29: (00.001318) 	type tmpfs source tmpfs mnt_id 162 s_dev 0x41 / @ ./dev flags 0x1000000 options seclabel,mode=755
	checkpoint_test.go:29: (00.001327) 	type devpts source devpts mnt_id 199 s_dev 0x42 / @ ./dev/pts flags 0x20000a options seclabel,gid=5,mode=620,ptmxmode=666
	checkpoint_test.go:29: (00.001348) 	type tmpfs source shm mnt_id 202 s_dev 0x43 / @ ./dev/shm flags 0x20000e options seclabel,size=65536k
	checkpoint_test.go:29: (00.001357) 	type mqueue source mqueue mnt_id 203 s_dev 0x3f / @ ./dev/mqueue flags 0x20000e options seclabel
	checkpoint_test.go:29: (00.001364) 	type sysfs source sysfs mnt_id 204 s_dev 0x44 / @ ./sys flags 0x20000f options seclabel
	checkpoint_test.go:29: (00.001371) 	type tmpfs source tmpfs mnt_id 205 s_dev 0x45 / @ ./sys/fs/cgroup flags 0x20000f options seclabel,mode=755
	checkpoint_test.go:29: (00.001381) 	type cgroup source cgroup mnt_id 206 s_dev 0x17 /system.slice/docker-42490faf552e255770bc3ab78b7a9f15548502c88dd19d3d1db4910c4e6a2379.scope/integration/test @ ./sys/fs/cgroup/systemd flags 0x28000f options xattr,release_agent=/usr/lib/systemd/systemd-cgroups-agent,name=systemd
	checkpoint_test.go:29: (00.001423) 	type cgroup source cgroup mnt_id 207 s_dev 0x19 /integration/test @ ./sys/fs/cgroup/pids flags 0x28000f options pids
	checkpoint_test.go:29: (00.001432) 	type cgroup source cgroup mnt_id 236 s_dev 0x1a /system.slice/docker-42490faf552e255770bc3ab78b7a9f15548502c88dd19d3d1db4910c4e6a2379.scope/integration/test @ ./sys/fs/cgroup/devices flags 0x28000f options devices
	checkpoint_test.go:29: (00.001441) 	type cgroup source cgroup mnt_id 237 s_dev 0x1b /system.slice/docker-42490faf552e255770bc3ab78b7a9f15548502c88dd19d3d1db4910c4e6a2379.scope/integration/test @ ./sys/fs/cgroup/memory flags 0x28000f options memory
	checkpoint_test.go:29: (00.001448) 	type cgroup source cgroup mnt_id 238 s_dev 0x1c /system.slice/docker-42490faf552e255770bc3ab78b7a9f15548502c88dd19d3d1db4910c4e6a2379.scope/integration/test @ ./sys/fs/cgroup/cpuset flags 0x28000f options cpuset
	checkpoint_test.go:29: (00.001457) 	type cgroup source cgroup mnt_id 239 s_dev 0x1d /system.slice/docker-42490faf552e255770bc3ab78b7a9f15548502c88dd19d3d1db4910c4e6a2379.scope/integration/test @ ./sys/fs/cgroup/net_cls,net_prio flags 0x28000f options net_cls,net_prio
	checkpoint_test.go:29: (00.001485) 	type cgroup source cgroup mnt_id 240 s_dev 0x1e /system.slice/docker-42490faf552e255770bc3ab78b7a9f15548502c88dd19d3d1db4910c4e6a2379.scope/integration/test @ ./sys/fs/cgroup/cpu,cpuacct flags 0x28000f options cpu,cpuacct
	checkpoint_test.go:29: (00.001500) 	type cgroup source cgroup mnt_id 241 s_dev 0x1f /system.slice/docker-42490faf552e255770bc3ab78b7a9f15548502c88dd19d3d1db4910c4e6a2379.scope/integration/test @ ./sys/fs/cgroup/hugetlb flags 0x28000f options hugetlb
	checkpoint_test.go:29: (00.001508) 	type cgroup source cgroup mnt_id 242 s_dev 0x20 /system.slice/docker-42490faf552e255770bc3ab78b7a9f15548502c88dd19d3d1db4910c4e6a2379.scope/integration/test @ ./sys/fs/cgroup/perf_event flags 0x28000f options perf_event
	checkpoint_test.go:29: (00.001516) 	type cgroup source cgroup mnt_id 243 s_dev 0x21 /system.slice/docker-42490faf552e255770bc3ab78b7a9f15548502c88dd19d3d1db4910c4e6a2379.scope/integration/test @ ./sys/fs/cgroup/blkio flags 0x28000f options blkio
	checkpoint_test.go:29: (00.001526) 	type cgroup source cgroup mnt_id 244 s_dev 0x22 /system.slice/docker-42490faf552e255770bc3ab78b7a9f15548502c88dd19d3d1db4910c4e6a2379.scope/integration/test @ ./sys/fs/cgroup/freezer flags 0x28000f options freezer
	checkpoint_test.go:29: (00.001542) 	type proc source proc mnt_id 131 s_dev 0x40 /sys @ ./proc/sys flags 0x20000f options 
	checkpoint_test.go:29: (00.001549) 	type proc source proc mnt_id 133 s_dev 0x40 /sysrq-trigger @ ./proc/sysrq-trigger flags 0x20000f options 
	checkpoint_test.go:29: (00.001554) 	type proc source proc mnt_id 134 s_dev 0x40 /irq @ ./proc/irq flags 0x20000f options 
	checkpoint_test.go:29: (00.001560) 	type proc source proc mnt_id 135 s_dev 0x40 /bus @ ./proc/bus flags 0x20000f options 
	checkpoint_test.go:29: (00.001573) 	type tmpfs source tmpfs mnt_id 136 s_dev 0x41 /null @ ./proc/kcore flags 0x1000000 options seclabel,mode=755
	checkpoint_test.go:29: (00.001583) Building mountpoints tree
	checkpoint_test.go:29: (00.001585) 	Building plain mount tree
	checkpoint_test.go:29: (00.001586) 		Working on 136->161
	checkpoint_test.go:29: (00.001590) 		Working on 135->161
	checkpoint_test.go:29: (00.001591) 		Working on 134->161
	checkpoint_test.go:29: (00.001592) 		Working on 133->161
	checkpoint_test.go:29: (00.001593) 		Working on 131->161
	checkpoint_test.go:29: (00.001595) 		Working on 244->205
	checkpoint_test.go:29: (00.001596) 		Working on 243->205
	checkpoint_test.go:29: (00.001597) 		Working on 242->205
	checkpoint_test.go:29: (00.001598) 		Working on 241->205
	checkpoint_test.go:29: (00.001599) 		Working on 240->205
	checkpoint_test.go:29: (00.001600) 		Working on 239->205
	checkpoint_test.go:29: (00.001601) 		Working on 238->205
	checkpoint_test.go:29: (00.001603) 		Working on 237->205
	checkpoint_test.go:29: (00.001604) 		Working on 236->205
	checkpoint_test.go:29: (00.001605) 		Working on 207->205
	checkpoint_test.go:29: (00.001606) 		Working on 206->205
	checkpoint_test.go:29: (00.001607) 		Working on 205->204
	checkpoint_test.go:29: (00.001608) 		Working on 204->160
	checkpoint_test.go:29: (00.001610) 		Working on 203->162
	checkpoint_test.go:29: (00.001611) 		Working on 202->162
	checkpoint_test.go:29: (00.001612) 		Working on 199->162
	checkpoint_test.go:29: (00.001613) 		Working on 162->160
	checkpoint_test.go:29: (00.001614) 		Working on 161->160
	checkpoint_test.go:29: (00.001616) 		Working on 160->130
	checkpoint_test.go:29: (00.001617) 	Resorting siblings on 160
	checkpoint_test.go:29: (00.001618) 	Resorting siblings on 204
	checkpoint_test.go:29: (00.001619) 	Resorting siblings on 205
	checkpoint_test.go:29: (00.001621) 	Resorting siblings on 244
	checkpoint_test.go:29: (00.001622) 	Resorting siblings on 243
	checkpoint_test.go:29: (00.001623) 	Resorting siblings on 242
	checkpoint_test.go:29: (00.001624) 	Resorting siblings on 241
	checkpoint_test.go:29: (00.001625) 	Resorting siblings on 240
	checkpoint_test.go:29: (00.001626) 	Resorting siblings on 239
	checkpoint_test.go:29: (00.001628) 	Resorting siblings on 238
	checkpoint_test.go:29: (00.001629) 	Resorting siblings on 237
	checkpoint_test.go:29: (00.001630) 	Resorting siblings on 236
	checkpoint_test.go:29: (00.001631) 	Resorting siblings on 207
	checkpoint_test.go:29: (00.001632) 	Resorting siblings on 206
	checkpoint_test.go:29: (00.001633) 	Resorting siblings on 162
	checkpoint_test.go:29: (00.001634) 	Resorting siblings on 203
	checkpoint_test.go:29: (00.001635) 	Resorting siblings on 202
	checkpoint_test.go:29: (00.001636) 	Resorting siblings on 199
	checkpoint_test.go:29: (00.001643) 	Resorting siblings on 161
	checkpoint_test.go:29: (00.001645) 	Resorting siblings on 136
	checkpoint_test.go:29: (00.001646) 	Resorting siblings on 135
	checkpoint_test.go:29: (00.001647) 	Resorting siblings on 134
	checkpoint_test.go:29: (00.001648) 	Resorting siblings on 133
	checkpoint_test.go:29: (00.001649) 	Resorting siblings on 131
	checkpoint_test.go:29: (00.001650) Done:
	checkpoint_test.go:29: (00.001651) [./](160->130)
	checkpoint_test.go:29: (00.001653)  [./sys](204->160)
	checkpoint_test.go:29: (00.001655)   [./sys/fs/cgroup](205->204)
	checkpoint_test.go:29: (00.001656)    [./sys/fs/cgroup/freezer](244->205)
	checkpoint_test.go:29: (00.001657)    <--
	checkpoint_test.go:29: (00.001659)    [./sys/fs/cgroup/systemd](206->205)
	checkpoint_test.go:29: (00.001660)    <--
	checkpoint_test.go:29: (00.001661)    [./sys/fs/cgroup/pids](207->205)
	checkpoint_test.go:29: (00.001662)    <--
	checkpoint_test.go:29: (00.001663)    [./sys/fs/cgroup/devices](236->205)
	checkpoint_test.go:29: (00.001665)    <--
	checkpoint_test.go:29: (00.001666)    [./sys/fs/cgroup/memory](237->205)
	checkpoint_test.go:29: (00.001667)    <--
	checkpoint_test.go:29: (00.001668)    [./sys/fs/cgroup/cpuset](238->205)
	checkpoint_test.go:29: (00.001669)    <--
	checkpoint_test.go:29: (00.001670)    [./sys/fs/cgroup/net_cls,net_prio](239->205)
	checkpoint_test.go:29: (00.001672)    <--
	checkpoint_test.go:29: (00.001673)    [./sys/fs/cgroup/cpu,cpuacct](240->205)
	checkpoint_test.go:29: (00.001674)    <--
	checkpoint_test.go:29: (00.001675)    [./sys/fs/cgroup/hugetlb](241->205)
	checkpoint_test.go:29: (00.001677)    <--
	checkpoint_test.go:29: (00.001678)    [./sys/fs/cgroup/perf_event](242->205)
	checkpoint_test.go:29: (00.001679)    <--
	checkpoint_test.go:29: (00.001680)    [./sys/fs/cgroup/blkio](243->205)
	checkpoint_test.go:29: (00.001681)    <--
	checkpoint_test.go:29: (00.001682)   <--
	checkpoint_test.go:29: (00.001683)  <--
	checkpoint_test.go:29: (00.001684)  [./proc](161->160)
	checkpoint_test.go:29: (00.001686)   [./proc/kcore](136->161)
	checkpoint_test.go:29: (00.001687)   <--
	checkpoint_test.go:29: (00.001688)   [./proc/sys](131->161)
	checkpoint_test.go:29: (00.001690)   <--
	checkpoint_test.go:29: (00.001691)   [./proc/sysrq-trigger](133->161)
	checkpoint_test.go:29: (00.001692)   <--
	checkpoint_test.go:29: (00.001693)   [./proc/irq](134->161)
	checkpoint_test.go:29: (00.001694)   <--
	checkpoint_test.go:29: (00.001695)   [./proc/bus](135->161)
	checkpoint_test.go:29: (00.001697)   <--
	checkpoint_test.go:29: (00.001698)  <--
	checkpoint_test.go:29: (00.001699)  [./dev](162->160)
	checkpoint_test.go:29: (00.001700)   [./dev/mqueue](203->162)
	checkpoint_test.go:29: (00.001701)   <--
	checkpoint_test.go:29: (00.001702)   [./dev/pts](199->162)
	checkpoint_test.go:29: (00.001704)   <--
	checkpoint_test.go:29: (00.001705)   [./dev/shm](202->162)
	checkpoint_test.go:29: (00.001706)   <--
	checkpoint_test.go:29: (00.001707)  <--
	checkpoint_test.go:29: (00.001708) <--
	checkpoint_test.go:29: (00.001711) Found /sys/fs/cgroup/freezer mapping for ./sys/fs/cgroup/freezer mountpoint
	checkpoint_test.go:29: (00.001718) Found /sys/fs/cgroup/blkio mapping for ./sys/fs/cgroup/blkio mountpoint
	checkpoint_test.go:29: (00.001719) Found /sys/fs/cgroup/perf_event mapping for ./sys/fs/cgroup/perf_event mountpoint
	checkpoint_test.go:29: (00.001721) Found /sys/fs/cgroup/hugetlb mapping for ./sys/fs/cgroup/hugetlb mountpoint
	checkpoint_test.go:29: (00.001722) Found /sys/fs/cgroup/cpu,cpuacct mapping for ./sys/fs/cgroup/cpu,cpuacct mountpoint
	checkpoint_test.go:29: (00.001723) Found /sys/fs/cgroup/net_cls,net_prio mapping for ./sys/fs/cgroup/net_cls,net_prio mountpoint
	checkpoint_test.go:29: (00.001724) Found /sys/fs/cgroup/cpuset mapping for ./sys/fs/cgroup/cpuset mountpoint
	checkpoint_test.go:29: (00.001726) Found /sys/fs/cgroup/memory mapping for ./sys/fs/cgroup/memory mountpoint
	checkpoint_test.go:29: (00.001727) Found /sys/fs/cgroup/devices mapping for ./sys/fs/cgroup/devices mountpoint
	checkpoint_test.go:29: (00.001728) Found /sys/fs/cgroup/pids mapping for ./sys/fs/cgroup/pids mountpoint
	checkpoint_test.go:29: (00.001731) Found /sys/fs/cgroup/systemd mapping for ./sys/fs/cgroup/systemd mountpoint
	checkpoint_test.go:29: (00.001740) Collecting netns 8/528
	checkpoint_test.go:29: (00.001742) Switching to 528's net for collecting sockets
	checkpoint_test.go:29: (00.001918) sk unix: 	Collected: ino 0x207bf peer_ino 0 family    1 type    5 state  7 name (null)
	checkpoint_test.go:29: (00.002589) Collect netlink sock 0x20768
	checkpoint_test.go:29: (00.002596) Collect netlink sock 0x207be
	checkpoint_test.go:29: (00.002597) Collect netlink sock 0x2077e
	checkpoint_test.go:29: (00.002598) Collect netlink sock 0x2077f
	checkpoint_test.go:29: (00.002599) Collect netlink sock 0x2077d
	checkpoint_test.go:29: (00.002601) Collect netlink sock 0x2076b
	checkpoint_test.go:29: (00.002602) Collect netlink sock 0x2078e
	checkpoint_test.go:29: (00.002603) Collect netlink sock 0x20769
	checkpoint_test.go:29: (00.002604) Collect netlink sock 0x2076a
	checkpoint_test.go:29: (00.002620) ========================================
	checkpoint_test.go:29: (00.002621) Dumping task (pid: 528)
	checkpoint_test.go:29: (00.002623) ========================================
	checkpoint_test.go:29: (00.002624) Obtaining task stat ... (00.002658) 
	checkpoint_test.go:29: (00.002660) Collecting mappings (pid: 528)
	checkpoint_test.go:29: (00.002661) ----------------------------------------
	checkpoint_test.go:29: (00.002759) vma 68f000 borrows vfi from previous 400000
	checkpoint_test.go:29: (00.002847) vma 7f23ce938000 borrows vfi from previous 7f23ce937000
	checkpoint_test.go:29: (00.002909) vma 7f23ceb45000 borrows vfi from previous 7f23ceb44000
	checkpoint_test.go:29: (00.002951) Collected, longest area occupies 511 pages
	checkpoint_test.go:29: (00.002953) 0x400000-0x490000 (576K) prot 0x5 flags 0x2 st 0x41 off 0 reg fp  shmid: 0
	checkpoint_test.go:29: (00.002956) 0x68f000-0x690000 (4K) prot 0x3 flags 0x2 st 0x41 off 0x8f000 reg fp  shmid: 0
	checkpoint_test.go:29: (00.002958) 0x690000-0x692000 (8K) prot 0x3 flags 0x22 st 0x201 off 0 reg ap  shmid: 0
	checkpoint_test.go:29: (00.002960) 0x7f23ce6e5000-0x7f23ce738000 (332K) prot 0x5 flags 0x2 st 0x41 off 0 reg fp  shmid: 0
	checkpoint_test.go:29: (00.002962) 0x7f23ce738000-0x7f23ce937000 (2044K) prot 0 flags 0x22 st 0x201 off 0 reg ap  shmid: 0
	checkpoint_test.go:29: (00.002964) 0x7f23ce937000-0x7f23ce938000 (4K) prot 0x1 flags 0x2 st 0x41 off 0x52000 reg fp  shmid: 0
	checkpoint_test.go:29: (00.002966) 0x7f23ce938000-0x7f23ce939000 (4K) prot 0x3 flags 0x2 st 0x41 off 0x53000 reg fp  shmid: 0
	checkpoint_test.go:29: (00.002968) 0x7f23ce939000-0x7f23ce93e000 (20K) prot 0x3 flags 0x22 st 0x201 off 0 reg ap  shmid: 0
	checkpoint_test.go:29: (00.002969) 0x7f23ce93e000-0x7f23ce944000 (24K) prot 0x5 flags 0x2 st 0x41 off 0 reg fp  shmid: 0
	checkpoint_test.go:29: (00.002971) 0x7f23ceb41000-0x7f23ceb44000 (12K) prot 0x3 flags 0x22 st 0x201 off 0 reg ap  shmid: 0
	checkpoint_test.go:29: (00.002974) 0x7f23ceb44000-0x7f23ceb45000 (4K) prot 0x1 flags 0x2 st 0x41 off 0x6000 reg fp  shmid: 0
	checkpoint_test.go:29: (00.002976) 0x7f23ceb45000-0x7f23ceb46000 (4K) prot 0x3 flags 0x2 st 0x41 off 0x7000 reg fp  shmid: 0
	checkpoint_test.go:29: (00.002978) 0x7fff1d2eb000-0x7fff1d30d000 (136K) prot 0x3 flags 0x122 st 0x201 off 0 reg ap  shmid: 0
	checkpoint_test.go:29: (00.002980) 0x7fff1d34d000-0x7fff1d34f000 (8K) prot 0x1 flags 0x22 st 0x1201 off 0 reg vvar ap  shmid: 0
	checkpoint_test.go:29: (00.002982) 0x7fff1d34f000-0x7fff1d351000 (8K) prot 0x5 flags 0x22 st 0x209 off 0 reg vdso ap  shmid: 0
	checkpoint_test.go:29: (00.002984) 0xffffffffff600000-0xffffffffff601000 (4K) prot 0x5 flags 0x22 st 0x204 off 0 vsys ap  shmid: 0
	checkpoint_test.go:29: (00.002986) ----------------------------------------
	checkpoint_test.go:29: (00.002987) 
	checkpoint_test.go:29: (00.002988) Collecting fds (pid: 528)
	checkpoint_test.go:29: (00.002989) ----------------------------------------
	checkpoint_test.go:29: (00.003001) Found 3 file descriptors
	checkpoint_test.go:29: (00.003002) ----------------------------------------
	checkpoint_test.go:29: (00.003009) Dump private signals of 528
	checkpoint_test.go:29: (00.003014) Dump shared signals of 528
	checkpoint_test.go:29: (00.003020) Parasite syscall_ip at 0x400000
	checkpoint_test.go:29: (00.003074) Putting parasite blob into 0x7fd8e5d72000->0x7f23ceb33000
	checkpoint_test.go:29: (00.003091) Dumping GP/FPU registers for 528
	checkpoint_test.go:29: (00.003096) xsave runtime structure
	checkpoint_test.go:29: (00.003097) -----------------------
	checkpoint_test.go:29: (00.003098) cwd:0 swd:0 twd:0 fop:0 mxcsr:1f80 mxcsr_mask:ffff
	checkpoint_test.go:29: (00.003101) magic1:46505853 extended_size:344 xstate_bv:7 xstate_size:340
	checkpoint_test.go:29: (00.003102) xstate_bv: 7
	checkpoint_test.go:29: (00.003103) -----------------------
	checkpoint_test.go:29: (00.003104) Putting tsock into pid 528
	checkpoint_test.go:29: (00.003165) Wait for parasite being daemonized...
	checkpoint_test.go:29: (00.003167) Wait for ack 2 on daemon socket
	checkpoint_test.go:29: pie: Running daemon thread leader
	checkpoint_test.go:29: pie: __sent ack msg: 2 2 0
	checkpoint_test.go:29: pie: Daemon waits for command
	checkpoint_test.go:29: (00.003182) Fetched ack: 2 2 0
	checkpoint_test.go:29: (00.003184) Parasite 528 has been switched to daemon mode
	checkpoint_test.go:29: (00.003188) Sent msg to daemon 15 0 0
	checkpoint_test.go:29: pie: __fetched msg: 15 0 0
	checkpoint_test.go:29: pie: __sent ack msg: 15 15 0
	checkpoint_test.go:29: pie: Daemon waits for command
	checkpoint_test.go:29: (00.003207) Wait for ack 15 on daemon socket
	checkpoint_test.go:29: (00.003209) Fetched ack: 15 15 0
	checkpoint_test.go:29: (00.003219) Sent msg to daemon 17 0 0
	checkpoint_test.go:29: (00.003223) Wait for ack 17 on daemon socket
	checkpoint_test.go:29: pie: __fetched msg: 17 0 0
	checkpoint_test.go:29: pie: __sent ack msg: 17 17 0
	checkpoint_test.go:29: pie: Daemon waits for command
	checkpoint_test.go:29: (00.003236) Fetched ack: 17 17 0
	checkpoint_test.go:29: (00.003245) Sent msg to daemon 12 0 0
	checkpoint_test.go:29: (00.003252) Wait for ack 12 on daemon socket
	checkpoint_test.go:29: pie: __fetched msg: 12 0 0
	checkpoint_test.go:29: pie: __sent ack msg: 12 12 0
	checkpoint_test.go:29: pie: Daemon waits for command
	checkpoint_test.go:29: (00.003265) Fetched ack: 12 12 0
	checkpoint_test.go:29: (00.003267) sid=1 pgid=1 pid=1
	checkpoint_test.go:29: (00.003292) 
	checkpoint_test.go:29: (00.003294) Dumping opened files (pid: 528)
	checkpoint_test.go:29: (00.003295) ----------------------------------------
	checkpoint_test.go:29: (00.003299) Sent msg to daemon 14 0 0
	checkpoint_test.go:29: pie: __fetched msg: 14 0 0
	checkpoint_test.go:29: pie: __sent ack msg: 14 14 0
	checkpoint_test.go:29: pie: Daemon waits for command
	checkpoint_test.go:29: (00.003317) Wait for ack 14 on daemon socket
	checkpoint_test.go:29: (00.003320) Fetched ack: 14 14 0
	checkpoint_test.go:29: (00.003338) 528 fdinfo 0: pos: 0x               0 flags:                0/0
	checkpoint_test.go:29: (00.003343) Dumping pipe 14 with id 0x1 pipe_id 0x20761
	checkpoint_test.go:29: (00.003356) Dumping data from pipe 0x20761 fd 14
	checkpoint_test.go:29: (00.003383) fdinfo: type: 0x 2 flags: 0/0 pos: 0x       0 fd: 0
	checkpoint_test.go:29: (00.003408) 528 fdinfo 1: pos: 0x               0 flags:                1/0
	checkpoint_test.go:29: (00.003411) Dumping pipe 15 with id 0x2 pipe_id 0x20764
	checkpoint_test.go:29: (00.003413) fdinfo: type: 0x 2 flags: 01/0 pos: 0x       0 fd: 1
	checkpoint_test.go:29: (00.003426) 528 fdinfo 2: pos: 0x               0 flags:           100002/0
	checkpoint_test.go:29: (00.003441) Dumping path for 2 fd via self 16 [/dev/null]
	checkpoint_test.go:29: (00.003466) fdinfo: type: 0x 1 flags: 0100002/0 pos: 0x       0 fd: 2
	checkpoint_test.go:29: (00.003474) ----------------------------------------
	checkpoint_test.go:29: (00.003480) Sent msg to daemon 7 0 0
	checkpoint_test.go:29: (00.003482) Wait for ack 7 on daemon socket
	checkpoint_test.go:29: pie: __fetched msg: 7 0 0
	checkpoint_test.go:29: pie: __sent ack msg: 7 7 0
	checkpoint_test.go:29: pie: Daemon waits for command
	checkpoint_test.go:29: (00.003496) Fetched ack: 7 7 0
	checkpoint_test.go:29: (00.003498) 
	checkpoint_test.go:29: (00.003499) Dumping pages (type: 60 pid: 528)
	checkpoint_test.go:29: (00.003500) ----------------------------------------
	checkpoint_test.go:29: (00.003502)    Private vmas 511/797 pages
	checkpoint_test.go:29: (00.003510) pagemap-cache: created for pid 528 (takes 4096 bytes)
	checkpoint_test.go:29: (00.003512) page-pipe: Create page pipe for 797 segs
	checkpoint_test.go:29: (00.003513) page-pipe: Will grow page pipe (iov off is 0)
	checkpoint_test.go:29: (00.003541) pagemap-cache: filling VMA 400000-490000 (576K) [l:400000 h:600000]
	checkpoint_test.go:29: (00.003545) pagemap-cache: 	          400000-490000           nr:1     cov:589824
	checkpoint_test.go:29: (00.003547) pagemap-cache: 	simple mode [l:400000 h:490000]
	checkpoint_test.go:29: (00.003554) page-pipe: Add iov to page pipe (0 iovs, 0/797 total)
	checkpoint_test.go:29: (00.003557) Pagemap generated: 1 pages 0 holes
	checkpoint_test.go:29: (00.003558) pagemap-cache: filling VMA 68f000-690000 (4K) [l:600000 h:800000]
	checkpoint_test.go:29: (00.003561) page-pipe: Add iov to page pipe (1 iovs, 1/797 total)
	checkpoint_test.go:29: (00.003563) Pagemap generated: 1 pages 0 holes
	checkpoint_test.go:29: (00.003564) pagemap-cache: filling VMA 690000-692000 (8K) [l:600000 h:800000]
	checkpoint_test.go:29: (00.003567) Pagemap generated: 2 pages 0 holes
	checkpoint_test.go:29: (00.003568) pagemap-cache: filling VMA 7f23ce6e5000-7f23ce738000 (332K) [l:7f23ce600000 h:7f23ce800000]
	checkpoint_test.go:29: (00.003574) Pagemap generated: 0 pages 0 holes
	checkpoint_test.go:29: (00.003576) pagemap-cache: filling VMA 7f23ce738000-7f23ce937000 (2044K) [l:7f23ce600000 h:7f23ce800000]
	checkpoint_test.go:29: (00.003591) Pagemap generated: 0 pages 0 holes
	checkpoint_test.go:29: (00.003592) pagemap-cache: filling VMA 7f23ce937000-7f23ce938000 (4K) [l:7f23ce800000 h:7f23cea00000]
	checkpoint_test.go:29: (00.003595) page-pipe: Add iov to page pipe (2 iovs, 2/797 total)
	checkpoint_test.go:29: (00.003597) Pagemap generated: 1 pages 0 holes
	checkpoint_test.go:29: (00.003598) pagemap-cache: filling VMA 7f23ce938000-7f23ce939000 (4K) [l:7f23ce800000 h:7f23cea00000]
	checkpoint_test.go:29: (00.003601) Pagemap generated: 1 pages 0 holes
	checkpoint_test.go:29: (00.003602) pagemap-cache: filling VMA 7f23ce939000-7f23ce93e000 (20K) [l:7f23ce800000 h:7f23cea00000]
	checkpoint_test.go:29: (00.003605) page-pipe: Add iov to page pipe (3 iovs, 3/797 total)
	checkpoint_test.go:29: (00.003607) Pagemap generated: 2 pages 0 holes
	checkpoint_test.go:29: (00.003608) pagemap-cache: filling VMA 7f23ce93e000-7f23ce944000 (24K) [l:7f23ce800000 h:7f23cea00000]
	checkpoint_test.go:29: (00.003611) Pagemap generated: 0 pages 0 holes
	checkpoint_test.go:29: (00.003612) pagemap-cache: filling VMA 7f23ceb41000-7f23ceb44000 (12K) [l:7f23cea00000 h:7f23cec00000]
	checkpoint_test.go:29: (00.003615) page-pipe: Add iov to page pipe (4 iovs, 4/797 total)
	checkpoint_test.go:29: (00.003616) Pagemap generated: 3 pages 0 holes
	checkpoint_test.go:29: (00.003617) pagemap-cache: filling VMA 7f23ceb44000-7f23ceb45000 (4K) [l:7f23cea00000 h:7f23cec00000]
	checkpoint_test.go:29: (00.003620) Pagemap generated: 1 pages 0 holes
	checkpoint_test.go:29: (00.003621) pagemap-cache: filling VMA 7f23ceb45000-7f23ceb46000 (4K) [l:7f23cea00000 h:7f23cec00000]
	checkpoint_test.go:29: (00.003623) Pagemap generated: 1 pages 0 holes
	checkpoint_test.go:29: (00.003626) pagemap-cache: filling VMA 7fff1d2eb000-7fff1d30d000 (136K) [l:7fff1d200000 h:7fff1d400000]
	checkpoint_test.go:29: (00.003630) page-pipe: Add iov to page pipe (5 iovs, 5/797 total)
	checkpoint_test.go:29: (00.003631) Pagemap generated: 3 pages 0 holes
	checkpoint_test.go:29: (00.003632) pagemap-cache: filling VMA 7fff1d34d000-7fff1d34f000 (8K) [l:7fff1d200000 h:7fff1d400000]
	checkpoint_test.go:29: (00.003635) Pagemap generated: 0 pages 0 holes
	checkpoint_test.go:29: (00.003636) pagemap-cache: filling VMA 7fff1d34f000-7fff1d351000 (8K) [l:7fff1d200000 h:7fff1d400000]
	checkpoint_test.go:29: (00.003639) page-pipe: Grow pipe 10 -> 20
	checkpoint_test.go:29: (00.003640) page-pipe: Add iov to page pipe (6 iovs, 6/797 total)
	checkpoint_test.go:29: (00.003641) Pagemap generated: 2 pages 0 holes
	checkpoint_test.go:29: (00.003643) page-pipe: Page pipe:
	checkpoint_test.go:29: (00.003644) page-pipe: * 1 pipes 7/797 iovs:
	checkpoint_test.go:29: (00.003645) page-pipe: 	buf 18 pages, 7 iovs:
	checkpoint_test.go:29: (00.003646) page-pipe: 		0x400000 1
	checkpoint_test.go:29: (00.003647) page-pipe: 		0x68f000 3
	checkpoint_test.go:29: (00.003648) page-pipe: 		0x7f23ce937000 2
	checkpoint_test.go:29: (00.003650) page-pipe: 		0x7f23ce93c000 2
	checkpoint_test.go:29: (00.003651) page-pipe: 		0x7f23ceb41000 5
	checkpoint_test.go:29: (00.003652) page-pipe: 		0x7fff1d30a000 3
	checkpoint_test.go:29: (00.003653) page-pipe: 		0x7fff1d34f000 2
	checkpoint_test.go:29: (00.003654) page-pipe: * 0 holes:
	checkpoint_test.go:29: (00.003655) PPB: 18 pages 7 segs 32 pipe 0 off
	checkpoint_test.go:29: (00.003659) Sent msg to daemon 8 0 0
	checkpoint_test.go:29: (00.003663) Wait for ack 8 on daemon socket
	checkpoint_test.go:29: pie: __fetched msg: 8 0 0
	checkpoint_test.go:29: pie: __sent ack msg: 8 8 0
	checkpoint_test.go:29: pie: Daemon waits for command
	checkpoint_test.go:29: (00.003681) Fetched ack: 8 8 0
	checkpoint_test.go:29: (00.003683) Transfering pages:
	checkpoint_test.go:29: (00.003684) 	buf 18/7
	checkpoint_test.go:29: (00.003685) 	p 0x400000 [1]
	checkpoint_test.go:29: (00.003694) 	p 0x68f000 [3]
	checkpoint_test.go:29: (00.003700) 	p 0x7f23ce937000 [2]
	checkpoint_test.go:29: (00.003705) 	p 0x7f23ce93c000 [2]
	checkpoint_test.go:29: (00.003709) 	p 0x7f23ceb41000 [5]
	checkpoint_test.go:29: (00.003718) 	p 0x7fff1d30a000 [3]
	checkpoint_test.go:29: (00.003726) 	p 0x7fff1d34f000 [2]
	checkpoint_test.go:29: (00.003736) page-pipe: Killing page pipe
	checkpoint_test.go:29: (00.003740) ----------------------------------------
	checkpoint_test.go:29: (00.003744) Sent msg to daemon 7 0 0
	checkpoint_test.go:29: (00.003745) Wait for ack 7 on daemon socket
	checkpoint_test.go:29: pie: __fetched msg: 7 0 0
	checkpoint_test.go:29: pie: __sent ack msg: 7 7 0
	checkpoint_test.go:29: pie: Daemon waits for command
	checkpoint_test.go:29: (00.003757) Fetched ack: 7 7 0
	checkpoint_test.go:29: (00.003761) Sent msg to daemon 9 0 0
	checkpoint_test.go:29: (00.003762) Wait for ack 9 on daemon socket
	checkpoint_test.go:29: pie: __fetched msg: 9 0 0
	checkpoint_test.go:29: pie: __sent ack msg: 9 9 0
	checkpoint_test.go:29: pie: Daemon waits for command
	checkpoint_test.go:29: (00.003778) Fetched ack: 9 9 0
	checkpoint_test.go:29: (00.003810) Sent msg to daemon 10 0 0
	checkpoint_test.go:29: (00.003812) Wait for ack 10 on daemon socket
	checkpoint_test.go:29: pie: __fetched msg: 10 0 0
	checkpoint_test.go:29: pie: __sent ack msg: 10 10 0
	checkpoint_test.go:29: pie: Daemon waits for command
	checkpoint_test.go:29: (00.003822) Fetched ack: 10 10 0
	checkpoint_test.go:29: (00.003825) Sent msg to daemon 11 0 0
	checkpoint_test.go:29: (00.003827) Wait for ack 11 on daemon socket
	checkpoint_test.go:29: pie: __fetched msg: 11 0 0
	checkpoint_test.go:29: pie: __sent ack msg: 11 11 0
	checkpoint_test.go:29: pie: Daemon waits for command
	checkpoint_test.go:29: (00.003835) Fetched ack: 11 11 0
	checkpoint_test.go:29: (00.003836) 
	checkpoint_test.go:29: (00.003837) Dumping core (pid: 528)
	checkpoint_test.go:29: (00.003838) ----------------------------------------
	checkpoint_test.go:29: (00.003839) Obtaining personality ... (00.003855) 528 has 0 sched policy
	checkpoint_test.go:29: (00.003861) 	dumping 0 nice for 528
	checkpoint_test.go:29: (00.003867) cg: Dumping cgroups for 528
	checkpoint_test.go:29: (00.003916) cg:  `- New css ID 2
	checkpoint_test.go:29: (00.003918) cg:     `- [blkio] -> [/system.slice/docker-42490faf552e255770bc3ab78b7a9f15548502c88dd19d3d1db4910c4e6a2379.scope/integration/test]
	checkpoint_test.go:29: (00.003919) cg:     `- [cpu,cpuacct] -> [/system.slice/docker-42490faf552e255770bc3ab78b7a9f15548502c88dd19d3d1db4910c4e6a2379.scope/integration/test]
	checkpoint_test.go:29: (00.003921) cg:     `- [cpuset] -> [/system.slice/docker-42490faf552e255770bc3ab78b7a9f15548502c88dd19d3d1db4910c4e6a2379.scope/integration/test]
	checkpoint_test.go:29: (00.003922) cg:     `- [devices] -> [/system.slice/docker-42490faf552e255770bc3ab78b7a9f15548502c88dd19d3d1db4910c4e6a2379.scope/integration/test]
	checkpoint_test.go:29: (00.003923) cg:     `- [freezer] -> [/system.slice/docker-42490faf552e255770bc3ab78b7a9f15548502c88dd19d3d1db4910c4e6a2379.scope/integration/test]
	checkpoint_test.go:29: (00.003923) cg:     `- [hugetlb] -> [/system.slice/docker-42490faf552e255770bc3ab78b7a9f15548502c88dd19d3d1db4910c4e6a2379.scope/integration/test]
	checkpoint_test.go:29: (00.003924) cg:     `- [memory] -> [/system.slice/docker-42490faf552e255770bc3ab78b7a9f15548502c88dd19d3d1db4910c4e6a2379.scope/integration/test]
	checkpoint_test.go:29: (00.003925) cg:     `- [name=systemd] -> [/system.slice/docker-42490faf552e255770bc3ab78b7a9f15548502c88dd19d3d1db4910c4e6a2379.scope/integration/test]
	checkpoint_test.go:29: (00.003927) cg:     `- [net_cls,net_prio] -> [/system.slice/docker-42490faf552e255770bc3ab78b7a9f15548502c88dd19d3d1db4910c4e6a2379.scope/integration/test]
	checkpoint_test.go:29: (00.003930) cg:     `- [perf_event] -> [/system.slice/docker-42490faf552e255770bc3ab78b7a9f15548502c88dd19d3d1db4910c4e6a2379.scope/integration/test]
	checkpoint_test.go:29: (00.003931) cg:     `- [pids] -> [/integration/test]
	checkpoint_test.go:29: (00.003932) cg: Set 2 is root one
	checkpoint_test.go:29: (00.011363) cg: adding cgroup /proc/self/fd/15/system.slice/docker-42490faf552e255770bc3ab78b7a9f15548502c88dd19d3d1db4910c4e6a2379.scope/integration/test
	checkpoint_test.go:29: (00.011399) cg: Dumping value 500 from /proc/self/fd/15/system.slice/docker-42490faf552e255770bc3ab78b7a9f15548502c88dd19d3d1db4910c4e6a2379.scope/integration/test/blkio.weight
	checkpoint_test.go:29: (00.011416) cg: Dumping value 0 from /proc/self/fd/15/system.slice/docker-42490faf552e255770bc3ab78b7a9f15548502c88dd19d3d1db4910c4e6a2379.scope/integration/test/notify_on_release
	checkpoint_test.go:29: (00.025334) cg: adding cgroup /proc/self/fd/15/system.slice/docker-42490faf552e255770bc3ab78b7a9f15548502c88dd19d3d1db4910c4e6a2379.scope/integration/test
	checkpoint_test.go:29: (00.025369) cg: Dumping value 1024 from /proc/self/fd/15/system.slice/docker-42490faf552e255770bc3ab78b7a9f15548502c88dd19d3d1db4910c4e6a2379.scope/integration/test/cpu.shares
	checkpoint_test.go:29: (00.025385) cg: Dumping value 100000 from /proc/self/fd/15/system.slice/docker-42490faf552e255770bc3ab78b7a9f15548502c88dd19d3d1db4910c4e6a2379.scope/integration/test/cpu.cfs_period_us
	checkpoint_test.go:29: (00.025399) cg: Dumping value -1 from /proc/self/fd/15/system.slice/docker-42490faf552e255770bc3ab78b7a9f15548502c88dd19d3d1db4910c4e6a2379.scope/integration/test/cpu.cfs_quota_us
	checkpoint_test.go:29: (00.025406) cg: Couldn't open /proc/self/fd/15/system.slice/docker-42490faf552e255770bc3ab78b7a9f15548502c88dd19d3d1db4910c4e6a2379.scope/integration/test/cpu.rt_period_us. This cgroup property may not exist on this kernel
	checkpoint_test.go:29: (00.025414) cg: Couldn't open /proc/self/fd/15/system.slice/docker-42490faf552e255770bc3ab78b7a9f15548502c88dd19d3d1db4910c4e6a2379.scope/integration/test/cpu.rt_runtime_us. This cgroup property may not exist on this kernel
	checkpoint_test.go:29: (00.025429) cg: Dumping value 0 from /proc/self/fd/15/system.slice/docker-42490faf552e255770bc3ab78b7a9f15548502c88dd19d3d1db4910c4e6a2379.scope/integration/test/notify_on_release
	checkpoint_test.go:29: (00.037323) cg: adding cgroup /proc/self/fd/15/system.slice/docker-42490faf552e255770bc3ab78b7a9f15548502c88dd19d3d1db4910c4e6a2379.scope/integration/test
	checkpoint_test.go:29: (00.037350) cg: Dumping value 0-3 from /proc/self/fd/15/system.slice/docker-42490faf552e255770bc3ab78b7a9f15548502c88dd19d3d1db4910c4e6a2379.scope/integration/test/cpuset.cpus
	checkpoint_test.go:29: (00.037365) cg: Dumping value 0 from /proc/self/fd/15/system.slice/docker-42490faf552e255770bc3ab78b7a9f15548502c88dd19d3d1db4910c4e6a2379.scope/integration/test/cpuset.mems
	checkpoint_test.go:29: (00.037382) cg: Dumping value 0 from /proc/self/fd/15/system.slice/docker-42490faf552e255770bc3ab78b7a9f15548502c88dd19d3d1db4910c4e6a2379.scope/integration/test/cpuset.memory_migrate
	checkpoint_test.go:29: (00.037396) cg: Dumping value 0 from /proc/self/fd/15/system.slice/docker-42490faf552e255770bc3ab78b7a9f15548502c88dd19d3d1db4910c4e6a2379.scope/integration/test/cpuset.cpu_exclusive
	checkpoint_test.go:29: (00.037410) cg: Dumping value 0 from /proc/self/fd/15/system.slice/docker-42490faf552e255770bc3ab78b7a9f15548502c88dd19d3d1db4910c4e6a2379.scope/integration/test/cpuset.mem_exclusive
	checkpoint_test.go:29: (00.037432) cg: Dumping value 0 from /proc/self/fd/15/system.slice/docker-42490faf552e255770bc3ab78b7a9f15548502c88dd19d3d1db4910c4e6a2379.scope/integration/test/cpuset.mem_hardwall
	checkpoint_test.go:29: (00.037446) cg: Dumping value 0 from /proc/self/fd/15/system.slice/docker-42490faf552e255770bc3ab78b7a9f15548502c88dd19d3d1db4910c4e6a2379.scope/integration/test/cpuset.memory_spread_page
	checkpoint_test.go:29: (00.037460) cg: Dumping value 0 from /proc/self/fd/15/system.slice/docker-42490faf552e255770bc3ab78b7a9f15548502c88dd19d3d1db4910c4e6a2379.scope/integration/test/cpuset.memory_spread_slab
	checkpoint_test.go:29: (00.037474) cg: Dumping value 1 from /proc/self/fd/15/system.slice/docker-42490faf552e255770bc3ab78b7a9f15548502c88dd19d3d1db4910c4e6a2379.scope/integration/test/cpuset.sched_load_balance
	checkpoint_test.go:29: (00.037487) cg: Dumping value -1 from /proc/self/fd/15/system.slice/docker-42490faf552e255770bc3ab78b7a9f15548502c88dd19d3d1db4910c4e6a2379.scope/integration/test/cpuset.sched_relax_domain_level
	checkpoint_test.go:29: (00.037507) cg: Dumping value 0 from /proc/self/fd/15/system.slice/docker-42490faf552e255770bc3ab78b7a9f15548502c88dd19d3d1db4910c4e6a2379.scope/integration/test/notify_on_release
	checkpoint_test.go:29: (00.042327) cg: adding cgroup /proc/self/fd/15/system.slice/docker-42490faf552e255770bc3ab78b7a9f15548502c88dd19d3d1db4910c4e6a2379.scope/integration/test
	checkpoint_test.go:29: (00.047323) cg: adding cgroup /proc/self/fd/15/system.slice/docker-42490faf552e255770bc3ab78b7a9f15548502c88dd19d3d1db4910c4e6a2379.scope/integration/test
	checkpoint_test.go:29: (00.047354) cg: Dumping value 0 from /proc/self/fd/15/system.slice/docker-42490faf552e255770bc3ab78b7a9f15548502c88dd19d3d1db4910c4e6a2379.scope/integration/test/notify_on_release
	checkpoint_test.go:29: (00.052332) cg: adding cgroup /proc/self/fd/15/system.slice/docker-42490faf552e255770bc3ab78b7a9f15548502c88dd19d3d1db4910c4e6a2379.scope/integration/test
	checkpoint_test.go:29: (00.056335) cg: adding cgroup /proc/self/fd/15/system.slice/docker-42490faf552e255770bc3ab78b7a9f15548502c88dd19d3d1db4910c4e6a2379.scope/integration/test
	checkpoint_test.go:29: (00.056369) cg: Dumping value 9223372036854771712 from /proc/self/fd/15/system.slice/docker-42490faf552e255770bc3ab78b7a9f15548502c88dd19d3d1db4910c4e6a2379.scope/integration/test/memory.limit_in_bytes
	checkpoint_test.go:29: (00.056386) cg: Dumping value 9223372036854771712 from /proc/self/fd/15/system.slice/docker-42490faf552e255770bc3ab78b7a9f15548502c88dd19d3d1db4910c4e6a2379.scope/integration/test/memory.memsw.limit_in_bytes
	checkpoint_test.go:29: (00.056405) cg: Dumping value 1 from /proc/self/fd/15/system.slice/docker-42490faf552e255770bc3ab78b7a9f15548502c88dd19d3d1db4910c4e6a2379.scope/integration/test/memory.use_hierarchy
	checkpoint_test.go:29: (00.056420) cg: Dumping value 0 from /proc/self/fd/15/system.slice/docker-42490faf552e255770bc3ab78b7a9f15548502c88dd19d3d1db4910c4e6a2379.scope/integration/test/notify_on_release
	checkpoint_test.go:29: (00.061345) cg: adding cgroup /proc/self/fd/15/system.slice/docker-42490faf552e255770bc3ab78b7a9f15548502c88dd19d3d1db4910c4e6a2379.scope/integration/test
	checkpoint_test.go:29: (00.069344) cg: adding cgroup /proc/self/fd/15/system.slice/docker-42490faf552e255770bc3ab78b7a9f15548502c88dd19d3d1db4910c4e6a2379.scope/integration/test
	checkpoint_test.go:29: (00.079329) cg: adding cgroup /proc/self/fd/15/system.slice/docker-42490faf552e255770bc3ab78b7a9f15548502c88dd19d3d1db4910c4e6a2379.scope/integration/test
	checkpoint_test.go:29: (00.088319) cg: adding cgroup /proc/self/fd/15/integration/test
	checkpoint_test.go:29: (00.088412) ----------------------------------------
	checkpoint_test.go:29: (00.088414) 
	checkpoint_test.go:29: (00.088416) Dumping creds for 528)
	checkpoint_test.go:29: (00.088417) ----------------------------------------
	checkpoint_test.go:29: (00.088428) Sent msg to daemon 13 0 0
	checkpoint_test.go:29: (00.088430) Wait for ack 13 on daemon socket
	checkpoint_test.go:29: pie: __fetched msg: 13 0 0
	checkpoint_test.go:29: pie: __sent ack msg: 13 13 0
	checkpoint_test.go:29: pie: Daemon waits for command
	checkpoint_test.go:29: (00.088453) Fetched ack: 13 13 0
	checkpoint_test.go:29: (00.088476) Waiting for 528 to trap
	checkpoint_test.go:29: (00.088487) Daemon 528 exited trapping
	checkpoint_test.go:29: (00.088492) Sent msg to daemon 6 0 0
	checkpoint_test.go:29: pie: __fetched msg: 6 0 0
	checkpoint_test.go:29: pie: 1: new_sp=0x7f23ceb3c008 ip 0x7f23ce722c4e
	checkpoint_test.go:29: (00.088557) 528 was trapped
	checkpoint_test.go:29: (00.088559) `- Expecting exit
	checkpoint_test.go:29: (00.088567) 528 was trapped
	checkpoint_test.go:29: (00.088569) 528 is going to execute the syscall f
	checkpoint_test.go:29: (00.088578) 528 was stopped
	checkpoint_test.go:29: (00.088590) 528 was trapped
	checkpoint_test.go:29: (00.088593) 528 is going to execute the syscall 1
	checkpoint_test.go:29: (00.088599) 528 was trapped
	checkpoint_test.go:29: (00.088600) `- Expecting exit
	checkpoint_test.go:29: (00.088606) 528 was trapped
	checkpoint_test.go:29: (00.088608) 528 is going to execute the syscall b
	checkpoint_test.go:29: (00.088626) 528 was stopped
	checkpoint_test.go:29: (00.088645) 
	checkpoint_test.go:29: (00.088648) Dumping mm (pid: 528)
	checkpoint_test.go:29: (00.088649) ----------------------------------------
	checkpoint_test.go:29: (00.088650) 0x400000-0x490000 (576K) prot 0x5 flags 0x2 st 0x41 off 0 reg fp  shmid: 0
	checkpoint_test.go:29: (00.088666) Dumping path for -3 fd via self 9 [/bin/busybox]
	checkpoint_test.go:29: (00.088673) 0x68f000-0x690000 (4K) prot 0x3 flags 0x2 st 0x41 off 0x8f000 reg fp  shmid: 0
	checkpoint_test.go:29: (00.088675) 0x690000-0x692000 (8K) prot 0x3 flags 0x22 st 0x201 off 0 reg ap  shmid: 0
	checkpoint_test.go:29: (00.088677) 0x7f23ce6e5000-0x7f23ce738000 (332K) prot 0x5 flags 0x2 st 0x41 off 0 reg fp  shmid: 0
	checkpoint_test.go:29: (00.088685) Dumping path for -3 fd via self 10 [/lib/libuClibc-0.9.33.2.so]
	checkpoint_test.go:29: (00.088690) 0x7f23ce738000-0x7f23ce937000 (2044K) prot 0 flags 0x22 st 0x201 off 0 reg ap  shmid: 0
	checkpoint_test.go:29: (00.088692) 0x7f23ce937000-0x7f23ce938000 (4K) prot 0x1 flags 0x2 st 0x41 off 0x52000 reg fp  shmid: 0
	checkpoint_test.go:29: (00.088694) 0x7f23ce938000-0x7f23ce939000 (4K) prot 0x3 flags 0x2 st 0x41 off 0x53000 reg fp  shmid: 0
	checkpoint_test.go:29: (00.088699) 0x7f23ce939000-0x7f23ce93e000 (20K) prot 0x3 flags 0x22 st 0x201 off 0 reg ap  shmid: 0
	checkpoint_test.go:29: (00.088700) 0x7f23ce93e000-0x7f23ce944000 (24K) prot 0x5 flags 0x2 st 0x41 off 0 reg fp  shmid: 0
	checkpoint_test.go:29: (00.088708) Dumping path for -3 fd via self 12 [/lib/ld64-uClibc-0.9.33.2.so]
	checkpoint_test.go:29: (00.088712) 0x7f23ceb41000-0x7f23ceb44000 (12K) prot 0x3 flags 0x22 st 0x201 off 0 reg ap  shmid: 0
	checkpoint_test.go:29: (00.088714) 0x7f23ceb44000-0x7f23ceb45000 (4K) prot 0x1 flags 0x2 st 0x41 off 0x6000 reg fp  shmid: 0
	checkpoint_test.go:29: (00.088716) 0x7f23ceb45000-0x7f23ceb46000 (4K) prot 0x3 flags 0x2 st 0x41 off 0x7000 reg fp  shmid: 0
	checkpoint_test.go:29: (00.088718) 0x7fff1d2eb000-0x7fff1d30d000 (136K) prot 0x3 flags 0x122 st 0x201 off 0 reg ap  shmid: 0
	checkpoint_test.go:29: (00.088720) 0x7fff1d34d000-0x7fff1d34f000 (8K) prot 0x1 flags 0x22 st 0x1201 off 0 reg vvar ap  shmid: 0
	checkpoint_test.go:29: (00.088722) 0x7fff1d34f000-0x7fff1d351000 (8K) prot 0x5 flags 0x22 st 0x209 off 0 reg vdso ap  shmid: 0
	checkpoint_test.go:29: (00.088723) 0xffffffffff600000-0xffffffffff601000 (4K) prot 0x5 flags 0x22 st 0x204 off 0 vsys ap  shmid: 0
	checkpoint_test.go:29: (00.088725) Obtaining task auvx ...
	checkpoint_test.go:29: (00.088803) Dumping path for -3 fd via self 19 [/]
	checkpoint_test.go:29: (00.088818) Dumping task cwd id 0x7 root id 0x7
	checkpoint_test.go:29: (00.088854) Dumping mountpoints
	checkpoint_test.go:29: (00.088856) 	136: 41:/null @ ./proc/kcore
	checkpoint_test.go:29: (00.088868) 	135: 40:/bus @ ./proc/bus
	checkpoint_test.go:29: (00.088871) 	134: 40:/irq @ ./proc/irq
	checkpoint_test.go:29: (00.088873) 	133: 40:/sysrq-trigger @ ./proc/sysrq-trigger
	checkpoint_test.go:29: (00.088875) 	131: 40:/sys @ ./proc/sys
	checkpoint_test.go:29: (00.088877) 	244: 22:/system.slice/docker-42490faf552e255770bc3ab78b7a9f15548502c88dd19d3d1db4910c4e6a2379.scope/integration/test @ ./sys/fs/cgroup/freezer
	checkpoint_test.go:29: (00.088879) 	243: 21:/system.slice/docker-42490faf552e255770bc3ab78b7a9f15548502c88dd19d3d1db4910c4e6a2379.scope/integration/test @ ./sys/fs/cgroup/blkio
	checkpoint_test.go:29: (00.088881) 	242: 20:/system.slice/docker-42490faf552e255770bc3ab78b7a9f15548502c88dd19d3d1db4910c4e6a2379.scope/integration/test @ ./sys/fs/cgroup/perf_event
	checkpoint_test.go:29: (00.088883) 	241: 1f:/system.slice/docker-42490faf552e255770bc3ab78b7a9f15548502c88dd19d3d1db4910c4e6a2379.scope/integration/test @ ./sys/fs/cgroup/hugetlb
	checkpoint_test.go:29: (00.088885) 	240: 1e:/system.slice/docker-42490faf552e255770bc3ab78b7a9f15548502c88dd19d3d1db4910c4e6a2379.scope/integration/test @ ./sys/fs/cgroup/cpu,cpuacct
	checkpoint_test.go:29: (00.088887) 	239: 1d:/system.slice/docker-42490faf552e255770bc3ab78b7a9f15548502c88dd19d3d1db4910c4e6a2379.scope/integration/test @ ./sys/fs/cgroup/net_cls,net_prio
	checkpoint_test.go:29: (00.088890) 	238: 1c:/system.slice/docker-42490faf552e255770bc3ab78b7a9f15548502c88dd19d3d1db4910c4e6a2379.scope/integration/test @ ./sys/fs/cgroup/cpuset
	checkpoint_test.go:29: (00.088892) 	237: 1b:/system.slice/docker-42490faf552e255770bc3ab78b7a9f15548502c88dd19d3d1db4910c4e6a2379.scope/integration/test @ ./sys/fs/cgroup/memory
	checkpoint_test.go:29: (00.088894) 	236: 1a:/system.slice/docker-42490faf552e255770bc3ab78b7a9f15548502c88dd19d3d1db4910c4e6a2379.scope/integration/test @ ./sys/fs/cgroup/devices
	checkpoint_test.go:29: (00.088896) 	207: 19:/integration/test @ ./sys/fs/cgroup/pids
	checkpoint_test.go:29: (00.088898) 	206: 17:/system.slice/docker-42490faf552e255770bc3ab78b7a9f15548502c88dd19d3d1db4910c4e6a2379.scope/integration/test @ ./sys/fs/cgroup/systemd
	checkpoint_test.go:29: (00.088902) 	205: 45:/ @ ./sys/fs/cgroup
	checkpoint_test.go:29: (00.088904) Something is mounted on top of ./sys/fs/cgroup
	checkpoint_test.go:29: (00.100309) Path `/sys/fs/cgroup' resolved to `./sys/fs/cgroup' mountpoint
	checkpoint_test.go:29: (00.129849) 	204: 44:/ @ ./sys
	checkpoint_test.go:29: (00.129859) 	203: 3f:/ @ ./dev/mqueue
	checkpoint_test.go:29: (00.129872) Path `/dev/mqueue' resolved to `./dev/mqueue' mountpoint
	checkpoint_test.go:29: (00.129887) 	202: 43:/ @ ./dev/shm
	checkpoint_test.go:29: (00.129891) Path `/dev/shm' resolved to `./dev/shm' mountpoint
	checkpoint_test.go:29: (00.141900) 	199: 42:/ @ ./dev/pts
	checkpoint_test.go:29: (00.141912) 	162: 41:/ @ ./dev
	checkpoint_test.go:29: (00.141916) Something is mounted on top of ./dev
	checkpoint_test.go:29: (00.152353) Path `/dev' resolved to `./dev' mountpoint
	checkpoint_test.go:29: (00.223737) 	161: 40:/ @ ./proc
	checkpoint_test.go:29: (00.223749) 	160: 3d:/241190308 @ ./
	checkpoint_test.go:29: (00.223763) Dumping file-locks
	checkpoint_test.go:29: (00.223768) 
	checkpoint_test.go:29: (00.223769) Dumping pstree (pid: 528)
	checkpoint_test.go:29: (00.223771) ----------------------------------------
	checkpoint_test.go:29: (00.223775) Process: 1(528)
	checkpoint_test.go:29: (00.223812) ----------------------------------------
	checkpoint_test.go:29: (00.223817) Dumping 1(528)'s namespaces
	checkpoint_test.go:29: (00.231595) Dump UTS namespace 10 via 528
	checkpoint_test.go:29: (00.249068) Dump IPC namespace 9 via 528
	checkpoint_test.go:29: (00.249335) IPC shared memory segments: 0
	checkpoint_test.go:29: (00.249349) IPC message queues: 0
	checkpoint_test.go:29: (00.249353) IPC semaphore sets: 0
	checkpoint_test.go:29: (00.250112) Dump NET namespace info 8 via 528
	checkpoint_test.go:29: (00.250304) Mount ns' sysfs in crtools-sys.RxAEJP
	checkpoint_test.go:29: (00.259820) Dumping netns links
	checkpoint_test.go:29: (00.259876) 	LD: Got link 1, type 772
	checkpoint_test.go:29: (00.260118) 	Running ip addr save
	checkpoint_test.go:29: (00.272934) Error (util.c:593): exited, status=1
	checkpoint_test.go:29: (00.272948) Error (net.c:524): IP tool failed on addr save
	checkpoint_test.go:29: (00.285370) Error (namespaces.c:801): Namespaces dumping finished with error 65280
	checkpoint_test.go:29: (00.285451) Unlock network
	checkpoint_test.go:29: (00.285455) Running network-unlock scripts
	checkpoint_test.go:29: (00.285465) 	RPC
	checkpoint_test.go:29: (00.285545) Unfreezing tasks into 1
	checkpoint_test.go:29: (00.285548) 	Unseizing 528 into 1
	checkpoint_test.go:29: (00.285580) Error (cr-dump.c:1617): Dumping FAILED.
	checkpoint_test.go:36: === END ===
	checkpoint_test.go:124: criu failed: type NOTIFY errno 0
		log file: /tmp/criu538301619/dump.log
=== RUN   TestExecPS
--- PASS: TestExecPS (0.14s)
=== RUN   TestUsernsExecPS
--- PASS: TestUsernsExecPS (0.13s)
=== RUN   TestIPCPrivate
--- PASS: TestIPCPrivate (0.15s)
=== RUN   TestIPCHost
--- PASS: TestIPCHost (0.12s)
=== RUN   TestIPCJoinPath
--- PASS: TestIPCJoinPath (0.13s)
=== RUN   TestIPCBadPath
--- PASS: TestIPCBadPath (0.01s)
=== RUN   TestRlimit
--- PASS: TestRlimit (0.15s)
=== RUN   TestUsernsRlimit
--- PASS: TestUsernsRlimit (0.13s)
=== RUN   TestEnter
--- PASS: TestEnter (0.13s)
=== RUN   TestProcessEnv
--- PASS: TestProcessEnv (0.15s)
=== RUN   TestProcessCaps
--- PASS: TestProcessCaps (0.14s)
=== RUN   TestAdditionalGroups
--- PASS: TestAdditionalGroups (0.14s)
=== RUN   TestFreeze
--- PASS: TestFreeze (0.15s)
=== RUN   TestSystemdFreeze
--- SKIP: TestSystemdFreeze (0.00s)
	exec_test.go:475: Systemd is unsupported
=== RUN   TestCpuShares
time="2016-06-03T00:50:50Z" level=warning msg="signal: killed" 
--- PASS: TestCpuShares (0.12s)
=== RUN   TestCpuSharesSystemd
--- SKIP: TestCpuSharesSystemd (0.00s)
	exec_test.go:536: Systemd is unsupported
=== RUN   TestPids
--- PASS: TestPids (0.43s)
=== RUN   TestPidsSystemd
--- SKIP: TestPidsSystemd (0.00s)
	exec_test.go:567: Systemd is unsupported
=== RUN   TestRunWithKernelMemory
--- PASS: TestRunWithKernelMemory (0.14s)
=== RUN   TestRunWithKernelMemorySystemd
--- SKIP: TestRunWithKernelMemorySystemd (0.00s)
	exec_test.go:650: Systemd is unsupported
=== RUN   TestContainerState
--- PASS: TestContainerState (0.14s)
=== RUN   TestPassExtraFiles
--- PASS: TestPassExtraFiles (0.15s)
=== RUN   TestMountCmds
--- PASS: TestMountCmds (0.14s)
=== RUN   TestSysctl
--- PASS: TestSysctl (0.15s)
=== RUN   TestMountCgroupRO
--- PASS: TestMountCgroupRO (0.13s)
=== RUN   TestMountCgroupRW
--- PASS: TestMountCgroupRW (0.15s)
=== RUN   TestOomScoreAdj
--- PASS: TestOomScoreAdj (0.15s)
=== RUN   TestHook
time="2016-06-03T00:50:52Z" level=warning msg="cannot serialize hook of type configs.FuncHook, skipping" 
time="2016-06-03T00:50:52Z" level=warning msg="cannot serialize hook of type configs.FuncHook, skipping" 
time="2016-06-03T00:50:52Z" level=warning msg="cannot serialize hook of type configs.FuncHook, skipping" 
time="2016-06-03T00:50:52Z" level=warning msg="cannot serialize hook of type configs.FuncHook, skipping" 
time="2016-06-03T00:50:52Z" level=warning msg="cannot serialize hook of type configs.FuncHook, skipping" 
time="2016-06-03T00:50:52Z" level=warning msg="cannot serialize hook of type configs.FuncHook, skipping" 
--- PASS: TestHook (0.13s)
=== RUN   TestSTDIOPermissions
--- PASS: TestSTDIOPermissions (0.12s)
=== RUN   TestRootfsPropagationSlaveMount
--- PASS: TestRootfsPropagationSlaveMount (0.20s)
=== RUN   TestRootfsPropagationSharedMount
--- PASS: TestRootfsPropagationSharedMount (0.17s)
=== RUN   TestPIDHost
--- PASS: TestPIDHost (0.13s)
=== RUN   TestInitJoinPID
--- PASS: TestInitJoinPID (0.22s)
=== RUN   TestInitJoinNetworkAndUser
--- PASS: TestInitJoinNetworkAndUser (0.21s)
=== RUN   TestExecIn
--- PASS: TestExecIn (0.09s)
=== RUN   TestExecInUsernsRlimit
--- PASS: TestExecInUsernsRlimit (0.12s)
=== RUN   TestExecInRlimit
--- PASS: TestExecInRlimit (0.12s)
=== RUN   TestExecInError
time="2016-06-03T00:50:53Z" level=warning msg="os: process already finished" 
time="2016-06-03T00:50:53Z" level=warning msg="os: process already finished" 
time="2016-06-03T00:50:53Z" level=warning msg="os: process already finished" 
time="2016-06-03T00:50:53Z" level=warning msg="os: process already finished" 
time="2016-06-03T00:50:53Z" level=warning msg="os: process already finished" 
time="2016-06-03T00:50:53Z" level=warning msg="os: process already finished" 
time="2016-06-03T00:50:53Z" level=warning msg="os: process already finished" 
time="2016-06-03T00:50:53Z" level=warning msg="os: process already finished" 
time="2016-06-03T00:50:53Z" level=warning msg="os: process already finished" 
time="2016-06-03T00:50:53Z" level=warning msg="os: process already finished" 
time="2016-06-03T00:50:53Z" level=warning msg="os: process already finished" 
time="2016-06-03T00:50:53Z" level=warning msg="os: process already finished" 
time="2016-06-03T00:50:53Z" level=warning msg="os: process already finished" 
time="2016-06-03T00:50:53Z" level=warning msg="os: process already finished" 
time="2016-06-03T00:50:53Z" level=warning msg="os: process already finished" 
time="2016-06-03T00:50:53Z" level=warning msg="os: process already finished" 
time="2016-06-03T00:50:53Z" level=warning msg="os: process already finished" 
time="2016-06-03T00:50:53Z" level=warning msg="os: process already finished" 
time="2016-06-03T00:50:53Z" level=warning msg="os: process already finished" 
time="2016-06-03T00:50:53Z" level=warning msg="os: process already finished" 
time="2016-06-03T00:50:53Z" level=warning msg="os: process already finished" 
time="2016-06-03T00:50:53Z" level=warning msg="os: process already finished" 
time="2016-06-03T00:50:53Z" level=warning msg="os: process already finished" 
time="2016-06-03T00:50:53Z" level=warning msg="os: process already finished" 
time="2016-06-03T00:50:53Z" level=warning msg="os: process already finished" 
time="2016-06-03T00:50:53Z" level=warning msg="os: process already finished" 
time="2016-06-03T00:50:53Z" level=warning msg="os: process already finished" 
time="2016-06-03T00:50:53Z" level=warning msg="os: process already finished" 
time="2016-06-03T00:50:53Z" level=warning msg="os: process already finished" 
time="2016-06-03T00:50:53Z" level=warning msg="os: process already finished" 
time="2016-06-03T00:50:53Z" level=warning msg="os: process already finished" 
time="2016-06-03T00:50:53Z" level=warning msg="os: process already finished" 
time="2016-06-03T00:50:53Z" level=warning msg="os: process already finished" 
time="2016-06-03T00:50:53Z" level=warning msg="os: process already finished" 
time="2016-06-03T00:50:53Z" level=warning msg="os: process already finished" 
time="2016-06-03T00:50:53Z" level=warning msg="os: process already finished" 
time="2016-06-03T00:50:53Z" level=warning msg="os: process already finished" 
time="2016-06-03T00:50:53Z" level=warning msg="os: process already finished" 
time="2016-06-03T00:50:53Z" level=warning msg="os: process already finished" 
time="2016-06-03T00:50:53Z" level=warning msg="os: process already finished" 
time="2016-06-03T00:50:53Z" level=warning msg="os: process already finished" 
time="2016-06-03T00:50:53Z" level=warning msg="os: process already finished" 
--- PASS: TestExecInError (0.27s)
=== RUN   TestExecInTTY
--- PASS: TestExecInTTY (0.16s)
=== RUN   TestExecInEnvironment
--- PASS: TestExecInEnvironment (0.14s)
=== RUN   TestExecinPassExtraFiles
--- PASS: TestExecinPassExtraFiles (0.15s)
=== RUN   TestExecInOomScoreAdj
--- PASS: TestExecInOomScoreAdj (0.16s)
=== RUN   TestExecInUserns
--- PASS: TestExecInUserns (0.14s)
=== RUN   TestSeccompDenyGetcwd
--- PASS: TestSeccompDenyGetcwd (0.14s)
=== RUN   TestSeccompPermitWriteConditional
--- PASS: TestSeccompPermitWriteConditional (0.12s)
=== RUN   TestSeccompDenyWriteConditional
--- PASS: TestSeccompDenyWriteConditional (0.15s)
FAIL
FAIL	_/go/src/github.com/opencontainers/runc/libcontainer/integration	6.686s
?   	_/go/src/github.com/opencontainers/runc/libcontainer/keys	[no test files]
?   	_/go/src/github.com/opencontainers/runc/libcontainer/label	[no test files]
=== RUN   TestNsenterValidPaths
--- PASS: TestNsenterValidPaths (0.01s)
=== RUN   TestNsenterInvalidPaths
--- PASS: TestNsenterInvalidPaths (0.00s)
PASS
ok  	_/go/src/github.com/opencontainers/runc/libcontainer/nsenter	0.013s
=== RUN   TestParseStatusFile
--- PASS: TestParseStatusFile (0.00s)
PASS
ok  	_/go/src/github.com/opencontainers/runc/libcontainer/seccomp	0.005s
?   	_/go/src/github.com/opencontainers/runc/libcontainer/selinux	[no test files]
=== RUN   TestLinuxCgroupsPathSpecified
--- PASS: TestLinuxCgroupsPathSpecified (0.00s)
=== RUN   TestLinuxCgroupsPathNotSpecified
--- PASS: TestLinuxCgroupsPathNotSpecified (0.00s)
PASS
ok  	_/go/src/github.com/opencontainers/runc/libcontainer/specconv	0.004s
=== RUN   TestCaptureTestFunc
--- PASS: TestCaptureTestFunc (0.00s)
=== RUN   TestParsePackageName
--- PASS: TestParsePackageName (0.00s)
PASS
ok  	_/go/src/github.com/opencontainers/runc/libcontainer/stacktrace	0.002s
?   	_/go/src/github.com/opencontainers/runc/libcontainer/system	[no test files]
=== RUN   TestUserParseLine
--- PASS: TestUserParseLine (0.00s)
=== RUN   TestUserParsePasswd
--- PASS: TestUserParsePasswd (0.00s)
=== RUN   TestUserParseGroup
--- PASS: TestUserParseGroup (0.00s)
=== RUN   TestValidGetExecUser
--- PASS: TestValidGetExecUser (0.00s)
=== RUN   TestInvalidGetExecUser
--- PASS: TestInvalidGetExecUser (0.00s)
=== RUN   TestGetExecUserNilSources
--- PASS: TestGetExecUserNilSources (0.00s)
=== RUN   TestGetAdditionalGroups
--- PASS: TestGetAdditionalGroups (0.00s)
=== RUN   TestGetAdditionalGroupsNumeric
--- PASS: TestGetAdditionalGroupsNumeric (0.00s)
PASS
ok  	_/go/src/github.com/opencontainers/runc/libcontainer/user	0.004s
=== RUN   TestGenerateName
--- PASS: TestGenerateName (0.00s)
=== RUN   TestSearchLabels
--- PASS: TestSearchLabels (0.00s)
=== RUN   TestResolveRootfs
--- PASS: TestResolveRootfs (0.00s)
=== RUN   TestResolveRootfsWithSymlink
--- PASS: TestResolveRootfsWithSymlink (0.00s)
=== RUN   TestResolveRootfsWithNonExistingDir
--- PASS: TestResolveRootfsWithNonExistingDir (0.00s)
=== RUN   TestExitStatus
--- PASS: TestExitStatus (0.00s)
=== RUN   TestExitStatusSignaled
--- PASS: TestExitStatusSignaled (0.00s)
=== RUN   TestWriteJSON
--- PASS: TestWriteJSON (0.00s)
=== RUN   TestCleanPath
--- PASS: TestCleanPath (0.00s)
PASS
ok  	_/go/src/github.com/opencontainers/runc/libcontainer/utils	0.002s
=== RUN   TestXattr
--- PASS: TestXattr (0.00s)
	xattr_test.go:26: Success
	xattr_test.go:41: Success
	xattr_test.go:60: Success
	xattr_test.go:72: Success
	xattr_test.go:77: Success
PASS
ok  	_/go/src/github.com/opencontainers/runc/libcontainer/xattr	0.004s
Makefile:60: recipe for target 'localunittest' failed
make: *** [localunittest] Error 1
